<?xml version="1.0" encoding="UTF-8"?>
<coverage generated="1588031632479" clover="3.2.0">
  <project timestamp="1588031632479" name="All files">
    <metrics statements="74" coveredstatements="58" conditionals="4" coveredconditionals="1" methods="12" coveredmethods="6" elements="90" coveredelements="65" complexity="0" loc="74" ncloc="74" packages="6" files="11" classes="11"/>
    <package name="node-19mob">
      <metrics statements="7" coveredstatements="7" conditionals="0" coveredconditionals="0" methods="0" coveredmethods="0"/>
      <file name="server.js" path="/Users/brunocortez/Documents/Fiap/Mobile Development/MODULO 4 - ARQUITETURA CROSS-PLATFORM & API DEVELOPMENT/node/node-19mob/server.js">
        <metrics statements="7" coveredstatements="7" conditionals="0" coveredconditionals="0" methods="0" coveredmethods="0"/>
        <line num="1" count="1" type="stmt"/>
        <line num="2" count="1" type="stmt"/>
        <line num="3" count="1" type="stmt"/>
        <line num="6" count="1" type="stmt"/>
        <line num="9" count="1" type="stmt"/>
        <line num="10" count="1" type="stmt"/>
        <line num="12" count="1" type="stmt"/>
      </file>
    </package>
    <package name="node-19mob.config">
      <metrics statements="3" coveredstatements="3" conditionals="0" coveredconditionals="0" methods="0" coveredmethods="0"/>
      <file name="default.js" path="/Users/brunocortez/Documents/Fiap/Mobile Development/MODULO 4 - ARQUITETURA CROSS-PLATFORM & API DEVELOPMENT/node/node-19mob/config/default.js">
        <metrics statements="1" coveredstatements="1" conditionals="0" coveredconditionals="0" methods="0" coveredmethods="0"/>
        <line num="1" count="1" type="stmt"/>
      </file>
      <file name="firebase.js" path="/Users/brunocortez/Documents/Fiap/Mobile Development/MODULO 4 - ARQUITETURA CROSS-PLATFORM & API DEVELOPMENT/node/node-19mob/config/firebase.js">
        <metrics statements="2" coveredstatements="2" conditionals="0" coveredconditionals="0" methods="0" coveredmethods="0"/>
        <line num="1" count="1" type="stmt"/>
        <line num="12" count="1" type="stmt"/>
      </file>
    </package>
    <package name="node-19mob.controller">
      <metrics statements="25" coveredstatements="13" conditionals="4" coveredconditionals="1" methods="6" coveredmethods="2"/>
      <file name="Auth.js" path="/Users/brunocortez/Documents/Fiap/Mobile Development/MODULO 4 - ARQUITETURA CROSS-PLATFORM & API DEVELOPMENT/node/node-19mob/controller/Auth.js">
        <metrics statements="13" coveredstatements="9" conditionals="2" coveredconditionals="1" methods="3" coveredmethods="2"/>
        <line num="1" count="1" type="stmt"/>
        <line num="2" count="1" type="stmt"/>
        <line num="3" count="1" type="stmt"/>
        <line num="7" count="1" type="stmt"/>
        <line num="8" count="1" type="stmt"/>
        <line num="14" count="1" type="stmt"/>
        <line num="18" count="1" type="cond" truecount="1" falsecount="1"/>
        <line num="19" count="0" type="stmt"/>
        <line num="20" count="0" type="stmt"/>
        <line num="23" count="1" type="stmt"/>
        <line num="27" count="0" type="stmt"/>
        <line num="28" count="0" type="stmt"/>
        <line num="33" count="1" type="stmt"/>
      </file>
      <file name="Users.js" path="/Users/brunocortez/Documents/Fiap/Mobile Development/MODULO 4 - ARQUITETURA CROSS-PLATFORM & API DEVELOPMENT/node/node-19mob/controller/Users.js">
        <metrics statements="12" coveredstatements="4" conditionals="2" coveredconditionals="0" methods="3" coveredmethods="0"/>
        <line num="1" count="1" type="stmt"/>
        <line num="2" count="1" type="stmt"/>
        <line num="3" count="1" type="stmt"/>
        <line num="7" count="0" type="stmt"/>
        <line num="9" count="0" type="stmt"/>
        <line num="11" count="0" type="cond" truecount="0" falsecount="2"/>
        <line num="12" count="0" type="stmt"/>
        <line num="14" count="0" type="stmt"/>
        <line num="15" count="0" type="stmt"/>
        <line num="18" count="0" type="stmt"/>
        <line num="19" count="0" type="stmt"/>
        <line num="34" count="1" type="stmt"/>
      </file>
    </package>
    <package name="node-19mob.model">
      <metrics statements="13" coveredstatements="12" conditionals="0" coveredconditionals="0" methods="5" coveredmethods="4"/>
      <file name="BaseModel.js" path="/Users/brunocortez/Documents/Fiap/Mobile Development/MODULO 4 - ARQUITETURA CROSS-PLATFORM & API DEVELOPMENT/node/node-19mob/model/BaseModel.js">
        <metrics statements="5" coveredstatements="5" conditionals="0" coveredconditionals="0" methods="1" coveredmethods="1"/>
        <line num="1" count="1" type="stmt"/>
        <line num="2" count="1" type="stmt"/>
        <line num="3" count="1" type="stmt"/>
        <line num="7" count="2" type="stmt"/>
        <line num="11" count="1" type="stmt"/>
      </file>
      <file name="Users.js" path="/Users/brunocortez/Documents/Fiap/Mobile Development/MODULO 4 - ARQUITETURA CROSS-PLATFORM & API DEVELOPMENT/node/node-19mob/model/Users.js">
        <metrics statements="8" coveredstatements="7" conditionals="0" coveredconditionals="0" methods="4" coveredmethods="3"/>
        <line num="1" count="1" type="stmt"/>
        <line num="5" count="2" type="stmt"/>
        <line num="9" count="0" type="stmt"/>
        <line num="21" count="1" type="stmt"/>
        <line num="23" count="1" type="stmt"/>
        <line num="24" count="2" type="stmt"/>
        <line num="31" count="1" type="stmt"/>
        <line num="36" count="1" type="stmt"/>
      </file>
    </package>
    <package name="node-19mob.routes">
      <metrics statements="19" coveredstatements="19" conditionals="0" coveredconditionals="0" methods="0" coveredmethods="0"/>
      <file name="auth.js" path="/Users/brunocortez/Documents/Fiap/Mobile Development/MODULO 4 - ARQUITETURA CROSS-PLATFORM & API DEVELOPMENT/node/node-19mob/routes/auth.js">
        <metrics statements="6" coveredstatements="6" conditionals="0" coveredconditionals="0" methods="0" coveredmethods="0"/>
        <line num="1" count="1" type="stmt"/>
        <line num="3" count="1" type="stmt"/>
        <line num="4" count="1" type="stmt"/>
        <line num="5" count="1" type="stmt"/>
        <line num="7" count="1" type="stmt"/>
        <line num="9" count="1" type="stmt"/>
      </file>
      <file name="index.js" path="/Users/brunocortez/Documents/Fiap/Mobile Development/MODULO 4 - ARQUITETURA CROSS-PLATFORM & API DEVELOPMENT/node/node-19mob/routes/index.js">
        <metrics statements="7" coveredstatements="7" conditionals="0" coveredconditionals="0" methods="0" coveredmethods="0"/>
        <line num="1" count="1" type="stmt"/>
        <line num="4" count="1" type="stmt"/>
        <line num="5" count="1" type="stmt"/>
        <line num="8" count="1" type="stmt"/>
        <line num="11" count="1" type="stmt"/>
        <line num="12" count="1" type="stmt"/>
        <line num="15" count="1" type="stmt"/>
      </file>
      <file name="users.js" path="/Users/brunocortez/Documents/Fiap/Mobile Development/MODULO 4 - ARQUITETURA CROSS-PLATFORM & API DEVELOPMENT/node/node-19mob/routes/users.js">
        <metrics statements="6" coveredstatements="6" conditionals="0" coveredconditionals="0" methods="0" coveredmethods="0"/>
        <line num="1" count="1" type="stmt"/>
        <line num="4" count="1" type="stmt"/>
        <line num="5" count="1" type="stmt"/>
        <line num="8" count="1" type="stmt"/>
        <line num="10" count="1" type="stmt"/>
        <line num="13" count="1" type="stmt"/>
      </file>
    </package>
    <package name="node-19mob.utils">
      <metrics statements="7" coveredstatements="4" conditionals="0" coveredconditionals="0" methods="1" coveredmethods="0"/>
      <file name="cryptoPassword.js" path="/Users/brunocortez/Documents/Fiap/Mobile Development/MODULO 4 - ARQUITETURA CROSS-PLATFORM & API DEVELOPMENT/node/node-19mob/utils/cryptoPassword.js">
        <metrics statements="7" coveredstatements="4" conditionals="0" coveredconditionals="0" methods="1" coveredmethods="0"/>
        <line num="1" count="1" type="stmt"/>
        <line num="2" count="1" type="stmt"/>
        <line num="4" count="1" type="stmt"/>
        <line num="5" count="0" type="stmt"/>
        <line num="6" count="0" type="stmt"/>
        <line num="7" count="0" type="stmt"/>
        <line num="10" count="1" type="stmt"/>
      </file>
    </package>
  </project>
</coverage>
