{"/Users/brunocortez/Documents/Fiap/Mobile Development/MODULO 4 - ARQUITETURA CROSS-PLATFORM & API DEVELOPMENT/node/node-19mob/server.js": {"path":"/Users/brunocortez/Documents/Fiap/Mobile Development/MODULO 4 - ARQUITETURA CROSS-PLATFORM & API DEVELOPMENT/node/node-19mob/server.js","statementMap":{"0":{"start":{"line":1,"column":16},"end":{"line":1,"column":34}},"1":{"start":{"line":2,"column":15},"end":{"line":2,"column":34}},"2":{"start":{"line":3,"column":19},"end":{"line":3,"column":41}},"3":{"start":{"line":6,"column":12},"end":{"line":6,"column":21}},"4":{"start":{"line":9,"column":0},"end":{"line":9,"column":27}},"5":{"start":{"line":10,"column":0},"end":{"line":10,"column":16}},"6":{"start":{"line":12,"column":0},"end":{"line":12,"column":21}}},"fnMap":{},"branchMap":{},"s":{"0":1,"1":1,"2":1,"3":1,"4":1,"5":1,"6":1},"f":{},"b":{},"_coverageSchema":"1a1c01bbd47fc00a2c39e90264f33305004495a9","hash":"cce076db312354c6dae4b53d0749ab7ee7955cb1"}
,"/Users/brunocortez/Documents/Fiap/Mobile Development/MODULO 4 - ARQUITETURA CROSS-PLATFORM & API DEVELOPMENT/node/node-19mob/config/default.js": {"path":"/Users/brunocortez/Documents/Fiap/Mobile Development/MODULO 4 - ARQUITETURA CROSS-PLATFORM & API DEVELOPMENT/node/node-19mob/config/default.js","statementMap":{"0":{"start":{"line":1,"column":0},"end":{"line":3,"column":1}}},"fnMap":{},"branchMap":{},"s":{"0":1},"f":{},"b":{},"_coverageSchema":"1a1c01bbd47fc00a2c39e90264f33305004495a9","hash":"869d285df465d6fce3dbd2d703eb3e0e18e0bb91"}
,"/Users/brunocortez/Documents/Fiap/Mobile Development/MODULO 4 - ARQUITETURA CROSS-PLATFORM & API DEVELOPMENT/node/node-19mob/config/firebase.js": {"path":"/Users/brunocortez/Documents/Fiap/Mobile Development/MODULO 4 - ARQUITETURA CROSS-PLATFORM & API DEVELOPMENT/node/node-19mob/config/firebase.js","statementMap":{"0":{"start":{"line":1,"column":23},"end":{"line":10,"column":3}},"1":{"start":{"line":12,"column":2},"end":{"line":12,"column":34}}},"fnMap":{},"branchMap":{},"s":{"0":1,"1":1},"f":{},"b":{},"_coverageSchema":"1a1c01bbd47fc00a2c39e90264f33305004495a9","hash":"a47b938da3d2c15d3f1e1eb918dcbb52365e8be2"}
,"/Users/brunocortez/Documents/Fiap/Mobile Development/MODULO 4 - ARQUITETURA CROSS-PLATFORM & API DEVELOPMENT/node/node-19mob/controller/Auth.js": {"path":"/Users/brunocortez/Documents/Fiap/Mobile Development/MODULO 4 - ARQUITETURA CROSS-PLATFORM & API DEVELOPMENT/node/node-19mob/controller/Auth.js","statementMap":{"0":{"start":{"line":1,"column":18},"end":{"line":1,"column":43}},"1":{"start":{"line":2,"column":18},"end":{"line":2,"column":33}},"2":{"start":{"line":3,"column":20},"end":{"line":3,"column":51}},"3":{"start":{"line":7,"column":32},"end":{"line":7,"column":40}},"4":{"start":{"line":8,"column":23},"end":{"line":11,"column":5}},"5":{"start":{"line":14,"column":4},"end":{"line":29,"column":9}},"6":{"start":{"line":18,"column":8},"end":{"line":21,"column":9}},"7":{"start":{"line":19,"column":10},"end":{"line":19,"column":70}},"8":{"start":{"line":20,"column":10},"end":{"line":20,"column":17}},"9":{"start":{"line":23,"column":8},"end":{"line":23,"column":63}},"10":{"start":{"line":27,"column":8},"end":{"line":27,"column":36}},"11":{"start":{"line":28,"column":8},"end":{"line":28,"column":29}},"12":{"start":{"line":33,"column":0},"end":{"line":33,"column":22}}},"fnMap":{"0":{"name":"(anonymous_0)","decl":{"start":{"line":6,"column":2},"end":{"line":6,"column":3}},"loc":{"start":{"line":6,"column":21},"end":{"line":30,"column":3}},"line":6},"1":{"name":"(anonymous_1)","decl":{"start":{"line":17,"column":12},"end":{"line":17,"column":13}},"loc":{"start":{"line":17,"column":23},"end":{"line":25,"column":7}},"line":17},"2":{"name":"(anonymous_2)","decl":{"start":{"line":26,"column":13},"end":{"line":26,"column":14}},"loc":{"start":{"line":26,"column":24},"end":{"line":29,"column":7}},"line":26}},"branchMap":{"0":{"loc":{"start":{"line":18,"column":8},"end":{"line":21,"column":9}},"type":"if","locations":[{"start":{"line":18,"column":8},"end":{"line":21,"column":9}},{"start":{"line":18,"column":8},"end":{"line":21,"column":9}}],"line":18}},"s":{"0":1,"1":1,"2":1,"3":1,"4":1,"5":1,"6":1,"7":0,"8":0,"9":1,"10":0,"11":0,"12":1},"f":{"0":1,"1":1,"2":0},"b":{"0":[0,1]},"_coverageSchema":"1a1c01bbd47fc00a2c39e90264f33305004495a9","hash":"128292143f284f2a169796d1174489a0964c9019"}
,"/Users/brunocortez/Documents/Fiap/Mobile Development/MODULO 4 - ARQUITETURA CROSS-PLATFORM & API DEVELOPMENT/node/node-19mob/controller/Users.js": {"path":"/Users/brunocortez/Documents/Fiap/Mobile Development/MODULO 4 - ARQUITETURA CROSS-PLATFORM & API DEVELOPMENT/node/node-19mob/controller/Users.js","statementMap":{"0":{"start":{"line":1,"column":19},"end":{"line":1,"column":44}},"1":{"start":{"line":2,"column":19},"end":{"line":2,"column":35}},"2":{"start":{"line":3,"column":23},"end":{"line":3,"column":57}},"3":{"start":{"line":7,"column":19},"end":{"line":7,"column":29}},"4":{"start":{"line":9,"column":4},"end":{"line":20,"column":9}},"5":{"start":{"line":11,"column":8},"end":{"line":13,"column":9}},"6":{"start":{"line":12,"column":10},"end":{"line":12,"column":60}},"7":{"start":{"line":14,"column":8},"end":{"line":14,"column":26}},"8":{"start":{"line":15,"column":8},"end":{"line":15,"column":30}},"9":{"start":{"line":18,"column":8},"end":{"line":18,"column":29}},"10":{"start":{"line":19,"column":8},"end":{"line":19,"column":36}},"11":{"start":{"line":34,"column":0},"end":{"line":34,"column":23}}},"fnMap":{"0":{"name":"(anonymous_0)","decl":{"start":{"line":6,"column":2},"end":{"line":6,"column":3}},"loc":{"start":{"line":6,"column":16},"end":{"line":23,"column":3}},"line":6},"1":{"name":"(anonymous_1)","decl":{"start":{"line":10,"column":12},"end":{"line":10,"column":13}},"loc":{"start":{"line":10,"column":22},"end":{"line":16,"column":7}},"line":10},"2":{"name":"(anonymous_2)","decl":{"start":{"line":17,"column":13},"end":{"line":17,"column":14}},"loc":{"start":{"line":17,"column":24},"end":{"line":20,"column":7}},"line":17}},"branchMap":{"0":{"loc":{"start":{"line":11,"column":8},"end":{"line":13,"column":9}},"type":"if","locations":[{"start":{"line":11,"column":8},"end":{"line":13,"column":9}},{"start":{"line":11,"column":8},"end":{"line":13,"column":9}}],"line":11}},"s":{"0":1,"1":1,"2":1,"3":0,"4":0,"5":0,"6":0,"7":0,"8":0,"9":0,"10":0,"11":1},"f":{"0":0,"1":0,"2":0},"b":{"0":[0,0]},"_coverageSchema":"1a1c01bbd47fc00a2c39e90264f33305004495a9","hash":"ca7dfb217ff5c6fa6685cee1e079ae95e65441f5"}
,"/Users/brunocortez/Documents/Fiap/Mobile Development/MODULO 4 - ARQUITETURA CROSS-PLATFORM & API DEVELOPMENT/node/node-19mob/model/BaseModel.js": {"path":"/Users/brunocortez/Documents/Fiap/Mobile Development/MODULO 4 - ARQUITETURA CROSS-PLATFORM & API DEVELOPMENT/node/node-19mob/model/BaseModel.js","statementMap":{"0":{"start":{"line":1,"column":17},"end":{"line":1,"column":36}},"1":{"start":{"line":2,"column":23},"end":{"line":2,"column":52}},"2":{"start":{"line":3,"column":20},"end":{"line":3,"column":58}},"3":{"start":{"line":7,"column":8},"end":{"line":7,"column":42}},"4":{"start":{"line":11,"column":0},"end":{"line":11,"column":27}}},"fnMap":{"0":{"name":"(anonymous_0)","decl":{"start":{"line":6,"column":4},"end":{"line":6,"column":5}},"loc":{"start":{"line":6,"column":18},"end":{"line":8,"column":5}},"line":6}},"branchMap":{},"s":{"0":1,"1":1,"2":1,"3":2,"4":1},"f":{"0":2},"b":{},"_coverageSchema":"1a1c01bbd47fc00a2c39e90264f33305004495a9","hash":"51bc1337363e8de170b04b0eff1a5ce22b9b7ddc"}
,"/Users/brunocortez/Documents/Fiap/Mobile Development/MODULO 4 - ARQUITETURA CROSS-PLATFORM & API DEVELOPMENT/node/node-19mob/model/Users.js": {"path":"/Users/brunocortez/Documents/Fiap/Mobile Development/MODULO 4 - ARQUITETURA CROSS-PLATFORM & API DEVELOPMENT/node/node-19mob/model/Users.js","statementMap":{"0":{"start":{"line":1,"column":18},"end":{"line":1,"column":40}},"1":{"start":{"line":5,"column":4},"end":{"line":5,"column":12}},"2":{"start":{"line":9,"column":4},"end":{"line":9,"column":53}},"3":{"start":{"line":21,"column":16},"end":{"line":21,"column":43}},"4":{"start":{"line":23,"column":4},"end":{"line":25,"column":10}},"5":{"start":{"line":24,"column":12},"end":{"line":24,"column":55}},"6":{"start":{"line":31,"column":4},"end":{"line":31,"column":23}},"7":{"start":{"line":36,"column":0},"end":{"line":36,"column":23}}},"fnMap":{"0":{"name":"(anonymous_0)","decl":{"start":{"line":4,"column":2},"end":{"line":4,"column":3}},"loc":{"start":{"line":4,"column":16},"end":{"line":6,"column":3}},"line":4},"1":{"name":"(anonymous_1)","decl":{"start":{"line":8,"column":2},"end":{"line":8,"column":3}},"loc":{"start":{"line":8,"column":10},"end":{"line":10,"column":3}},"line":8},"2":{"name":"(anonymous_2)","decl":{"start":{"line":20,"column":2},"end":{"line":20,"column":3}},"loc":{"start":{"line":20,"column":20},"end":{"line":32,"column":3}},"line":20},"3":{"name":"(anonymous_3)","decl":{"start":{"line":23,"column":23},"end":{"line":23,"column":24}},"loc":{"start":{"line":24,"column":12},"end":{"line":24,"column":55}},"line":24}},"branchMap":{},"s":{"0":1,"1":2,"2":0,"3":1,"4":1,"5":2,"6":1,"7":1},"f":{"0":2,"1":0,"2":1,"3":2},"b":{},"_coverageSchema":"1a1c01bbd47fc00a2c39e90264f33305004495a9","hash":"40657cae96d56d61f5bd3ec3f936f12fc4197e19"}
,"/Users/brunocortez/Documents/Fiap/Mobile Development/MODULO 4 - ARQUITETURA CROSS-PLATFORM & API DEVELOPMENT/node/node-19mob/routes/auth.js": {"path":"/Users/brunocortez/Documents/Fiap/Mobile Development/MODULO 4 - ARQUITETURA CROSS-PLATFORM & API DEVELOPMENT/node/node-19mob/routes/auth.js","statementMap":{"0":{"start":{"line":1,"column":16},"end":{"line":1,"column":34}},"1":{"start":{"line":3,"column":13},"end":{"line":3,"column":42}},"2":{"start":{"line":4,"column":23},"end":{"line":4,"column":33}},"3":{"start":{"line":5,"column":15},"end":{"line":5,"column":31}},"4":{"start":{"line":7,"column":0},"end":{"line":7,"column":42}},"5":{"start":{"line":9,"column":0},"end":{"line":9,"column":24}}},"fnMap":{},"branchMap":{},"s":{"0":1,"1":1,"2":1,"3":1,"4":1,"5":1},"f":{},"b":{},"_coverageSchema":"1a1c01bbd47fc00a2c39e90264f33305004495a9","hash":"c3025539b857a72d2ee52405ac175e24c519eb87"}
,"/Users/brunocortez/Documents/Fiap/Mobile Development/MODULO 4 - ARQUITETURA CROSS-PLATFORM & API DEVELOPMENT/node/node-19mob/routes/index.js": {"path":"/Users/brunocortez/Documents/Fiap/Mobile Development/MODULO 4 - ARQUITETURA CROSS-PLATFORM & API DEVELOPMENT/node/node-19mob/routes/index.js","statementMap":{"0":{"start":{"line":1,"column":16},"end":{"line":1,"column":34}},"1":{"start":{"line":4,"column":13},"end":{"line":4,"column":30}},"2":{"start":{"line":5,"column":14},"end":{"line":5,"column":32}},"3":{"start":{"line":8,"column":15},"end":{"line":8,"column":31}},"4":{"start":{"line":11,"column":0},"end":{"line":11,"column":26}},"5":{"start":{"line":12,"column":0},"end":{"line":12,"column":29}},"6":{"start":{"line":15,"column":0},"end":{"line":15,"column":24}}},"fnMap":{},"branchMap":{},"s":{"0":1,"1":1,"2":1,"3":1,"4":1,"5":1,"6":1},"f":{},"b":{},"_coverageSchema":"1a1c01bbd47fc00a2c39e90264f33305004495a9","hash":"2caabbe3535d7fd34e47613e31ad2532d71c15fc"}
,"/Users/brunocortez/Documents/Fiap/Mobile Development/MODULO 4 - ARQUITETURA CROSS-PLATFORM & API DEVELOPMENT/node/node-19mob/routes/users.js": {"path":"/Users/brunocortez/Documents/Fiap/Mobile Development/MODULO 4 - ARQUITETURA CROSS-PLATFORM & API DEVELOPMENT/node/node-19mob/routes/users.js","statementMap":{"0":{"start":{"line":1,"column":16},"end":{"line":1,"column":34}},"1":{"start":{"line":4,"column":14},"end":{"line":4,"column":44}},"2":{"start":{"line":5,"column":24},"end":{"line":5,"column":35}},"3":{"start":{"line":8,"column":15},"end":{"line":8,"column":31}},"4":{"start":{"line":10,"column":0},"end":{"line":10,"column":40}},"5":{"start":{"line":13,"column":0},"end":{"line":13,"column":24}}},"fnMap":{},"branchMap":{},"s":{"0":1,"1":1,"2":1,"3":1,"4":1,"5":1},"f":{},"b":{},"_coverageSchema":"1a1c01bbd47fc00a2c39e90264f33305004495a9","hash":"ce71de37d68f1ddfc786d7fec84692fe25d2ec97"}
,"/Users/brunocortez/Documents/Fiap/Mobile Development/MODULO 4 - ARQUITETURA CROSS-PLATFORM & API DEVELOPMENT/node/node-19mob/utils/cryptoPassword.js": {"path":"/Users/brunocortez/Documents/Fiap/Mobile Development/MODULO 4 - ARQUITETURA CROSS-PLATFORM & API DEVELOPMENT/node/node-19mob/utils/cryptoPassword.js","statementMap":{"0":{"start":{"line":1,"column":15},"end":{"line":1,"column":32}},"1":{"start":{"line":2,"column":19},"end":{"line":2,"column":47}},"2":{"start":{"line":4,"column":23},"end":{"line":8,"column":1}},"3":{"start":{"line":5,"column":15},"end":{"line":5,"column":50}},"4":{"start":{"line":6,"column":2},"end":{"line":6,"column":24}},"5":{"start":{"line":7,"column":2},"end":{"line":7,"column":28}},"6":{"start":{"line":10,"column":0},"end":{"line":10,"column":32}}},"fnMap":{"0":{"name":"(anonymous_0)","decl":{"start":{"line":4,"column":23},"end":{"line":4,"column":24}},"loc":{"start":{"line":4,"column":37},"end":{"line":8,"column":1}},"line":4}},"branchMap":{},"s":{"0":1,"1":1,"2":1,"3":0,"4":0,"5":0,"6":1},"f":{"0":0},"b":{},"_coverageSchema":"1a1c01bbd47fc00a2c39e90264f33305004495a9","hash":"8e4e90e6d65f642c86ac053a6ffb684c9117380f"}
}
